<?xml version="1.0" encoding="UTF-8"?>
<!-- Generated by org.testng.reporters.JUnitReportReporter -->
<testsuite hostname="DESKTOP-QOPV1C1" failures="0" tests="1" name="extramileplay.tests.BookingNegativeTest" time="11.144" errors="0" timestamp="2025-09-26T00:57:03 IST" skipped="0">
  <testcase classname="extramileplay.tests.BookingNegativeTest" name="testBookingWithMissingData" time="11.144"/>
  <system-out>
    <![CDATA[Opening booking page
Filling booking form with missing/invalid data
Name error message verified: name must contain more then 3 charater
Company error message verified: Please enter valid company name
Number error message verified: Invalid phone no*917666 false
Address error message verified: Please enter correct address
Booking form negative test completed]]>
  </system-out>
</testsuite> <!-- extramileplay.tests.BookingNegativeTest -->
